

Started GET "/agences" for 127.0.0.1 at 2014-02-10 15:20:40 +0100

ActiveRecord::PendingMigrationError (Migrations are pending; run 'bin/rake db:migrate RAILS_ENV=development' to resolve this issue.):
  activerecord (4.0.2) lib/active_record/migration.rb:379:in `check_pending!'
  activerecord (4.0.2) lib/active_record/migration.rb:366:in `call'
  actionpack (4.0.2) lib/action_dispatch/middleware/callbacks.rb:29:in `block in call'
  activesupport (4.0.2) lib/active_support/callbacks.rb:373:in `_run__469828954__call__callbacks'
  activesupport (4.0.2) lib/active_support/callbacks.rb:80:in `run_callbacks'
  actionpack (4.0.2) lib/action_dispatch/middleware/callbacks.rb:27:in `call'
  actionpack (4.0.2) lib/action_dispatch/middleware/reloader.rb:64:in `call'
  actionpack (4.0.2) lib/action_dispatch/middleware/remote_ip.rb:76:in `call'
  actionpack (4.0.2) lib/action_dispatch/middleware/debug_exceptions.rb:17:in `call'
  actionpack (4.0.2) lib/action_dispatch/middleware/show_exceptions.rb:30:in `call'
  railties (4.0.2) lib/rails/rack/logger.rb:38:in `call_app'
  railties (4.0.2) lib/rails/rack/logger.rb:20:in `block in call'
  activesupport (4.0.2) lib/active_support/tagged_logging.rb:67:in `block in tagged'
  activesupport (4.0.2) lib/active_support/tagged_logging.rb:25:in `tagged'
  activesupport (4.0.2) lib/active_support/tagged_logging.rb:67:in `tagged'
  railties (4.0.2) lib/rails/rack/logger.rb:20:in `call'
  actionpack (4.0.2) lib/action_dispatch/middleware/request_id.rb:21:in `call'
  rack (1.5.2) lib/rack/methodoverride.rb:21:in `call'
  rack (1.5.2) lib/rack/runtime.rb:17:in `call'
  activesupport (4.0.2) lib/active_support/cache/strategy/local_cache.rb:83:in `call'
  rack (1.5.2) lib/rack/lock.rb:17:in `call'
  actionpack (4.0.2) lib/action_dispatch/middleware/static.rb:64:in `call'
  rack (1.5.2) lib/rack/sendfile.rb:112:in `call'
  railties (4.0.2) lib/rails/engine.rb:511:in `call'
  railties (4.0.2) lib/rails/application.rb:97:in `call'
  rack (1.5.2) lib/rack/lock.rb:17:in `call'
  rack (1.5.2) lib/rack/content_length.rb:14:in `call'
  rack (1.5.2) lib/rack/handler/webrick.rb:60:in `service'
  /home/andrew/.rvm/rubies/ruby-2.0.0-p353/lib/ruby/2.0.0/webrick/httpserver.rb:138:in `service'
  /home/andrew/.rvm/rubies/ruby-2.0.0-p353/lib/ruby/2.0.0/webrick/httpserver.rb:94:in `run'
  /home/andrew/.rvm/rubies/ruby-2.0.0-p353/lib/ruby/2.0.0/webrick/server.rb:295:in `block in start_thread'


  Rendered /home/andrew/.rvm/gems/ruby-2.0.0-p353/gems/actionpack-4.0.2/lib/action_dispatch/middleware/templates/rescues/_source.erb (0.7ms)
  Rendered /home/andrew/.rvm/gems/ruby-2.0.0-p353/gems/actionpack-4.0.2/lib/action_dispatch/middleware/templates/rescues/_trace.erb (2.0ms)
  Rendered /home/andrew/.rvm/gems/ruby-2.0.0-p353/gems/actionpack-4.0.2/lib/action_dispatch/middleware/templates/rescues/_request_and_response.erb (1.5ms)
  Rendered /home/andrew/.rvm/gems/ruby-2.0.0-p353/gems/actionpack-4.0.2/lib/action_dispatch/middleware/templates/rescues/diagnostics.erb within rescues/layout (25.5ms)


Started GET "/" for 127.0.0.1 at 2014-02-10 15:20:45 +0100

ActiveRecord::PendingMigrationError (Migrations are pending; run 'bin/rake db:migrate RAILS_ENV=development' to resolve this issue.):
  activerecord (4.0.2) lib/active_record/migration.rb:379:in `check_pending!'
  activerecord (4.0.2) lib/active_record/migration.rb:366:in `call'
  actionpack (4.0.2) lib/action_dispatch/middleware/callbacks.rb:29:in `block in call'
  activesupport (4.0.2) lib/active_support/callbacks.rb:373:in `_run__469828954__call__callbacks'
  activesupport (4.0.2) lib/active_support/callbacks.rb:80:in `run_callbacks'
  actionpack (4.0.2) lib/action_dispatch/middleware/callbacks.rb:27:in `call'
  actionpack (4.0.2) lib/action_dispatch/middleware/reloader.rb:64:in `call'
  actionpack (4.0.2) lib/action_dispatch/middleware/remote_ip.rb:76:in `call'
  actionpack (4.0.2) lib/action_dispatch/middleware/debug_exceptions.rb:17:in `call'
  actionpack (4.0.2) lib/action_dispatch/middleware/show_exceptions.rb:30:in `call'
  railties (4.0.2) lib/rails/rack/logger.rb:38:in `call_app'
  railties (4.0.2) lib/rails/rack/logger.rb:20:in `block in call'
  activesupport (4.0.2) lib/active_support/tagged_logging.rb:67:in `block in tagged'
  activesupport (4.0.2) lib/active_support/tagged_logging.rb:25:in `tagged'
  activesupport (4.0.2) lib/active_support/tagged_logging.rb:67:in `tagged'
  railties (4.0.2) lib/rails/rack/logger.rb:20:in `call'
  actionpack (4.0.2) lib/action_dispatch/middleware/request_id.rb:21:in `call'
  rack (1.5.2) lib/rack/methodoverride.rb:21:in `call'
  rack (1.5.2) lib/rack/runtime.rb:17:in `call'
  activesupport (4.0.2) lib/active_support/cache/strategy/local_cache.rb:83:in `call'
  rack (1.5.2) lib/rack/lock.rb:17:in `call'
  actionpack (4.0.2) lib/action_dispatch/middleware/static.rb:64:in `call'
  rack (1.5.2) lib/rack/sendfile.rb:112:in `call'
  railties (4.0.2) lib/rails/engine.rb:511:in `call'
  railties (4.0.2) lib/rails/application.rb:97:in `call'
  rack (1.5.2) lib/rack/lock.rb:17:in `call'
  rack (1.5.2) lib/rack/content_length.rb:14:in `call'
  rack (1.5.2) lib/rack/handler/webrick.rb:60:in `service'
  /home/andrew/.rvm/rubies/ruby-2.0.0-p353/lib/ruby/2.0.0/webrick/httpserver.rb:138:in `service'
  /home/andrew/.rvm/rubies/ruby-2.0.0-p353/lib/ruby/2.0.0/webrick/httpserver.rb:94:in `run'
  /home/andrew/.rvm/rubies/ruby-2.0.0-p353/lib/ruby/2.0.0/webrick/server.rb:295:in `block in start_thread'


  Rendered /home/andrew/.rvm/gems/ruby-2.0.0-p353/gems/actionpack-4.0.2/lib/action_dispatch/middleware/templates/rescues/_source.erb (2.3ms)
  Rendered /home/andrew/.rvm/gems/ruby-2.0.0-p353/gems/actionpack-4.0.2/lib/action_dispatch/middleware/templates/rescues/_trace.erb (2.4ms)
  Rendered /home/andrew/.rvm/gems/ruby-2.0.0-p353/gems/actionpack-4.0.2/lib/action_dispatch/middleware/templates/rescues/_request_and_response.erb (1.4ms)
  Rendered /home/andrew/.rvm/gems/ruby-2.0.0-p353/gems/actionpack-4.0.2/lib/action_dispatch/middleware/templates/rescues/diagnostics.erb within rescues/layout (34.2ms)
  [1m[36m (139.9ms)[0m  [1mCREATE TABLE "schema_migrations" ("version" varchar(255) NOT NULL) [0m
  [1m[35m (134.2ms)[0m  CREATE UNIQUE INDEX "unique_schema_migrations" ON "schema_migrations" ("version")
  [1m[36mActiveRecord::SchemaMigration Load (0.2ms)[0m  [1mSELECT "schema_migrations".* FROM "schema_migrations"[0m
Migrating to CreateAgences (20140205103500)
  [1m[35m (0.1ms)[0m  begin transaction
  [1m[36m (0.5ms)[0m  [1mCREATE TABLE "agences" ("id" INTEGER PRIMARY KEY AUTOINCREMENT NOT NULL, "raison_sociale" varchar(255), "responsable" varchar(255), "telephone" varchar(255), "progouinon" varchar(255), "rappelouinon" varchar(255), "created_at" datetime, "updated_at" datetime) [0m
  [1m[35mSQL (0.3ms)[0m  INSERT INTO "schema_migrations" ("version") VALUES (?)  [["version", "20140205103500"]]
  [1m[36m (145.2ms)[0m  [1mcommit transaction[0m
Migrating to AddFieldsToAgence (20140205105035)
  [1m[35m (0.1ms)[0m  begin transaction
  [1m[36m (0.4ms)[0m  [1mALTER TABLE "agences" ADD "email" varchar(255)[0m
  [1m[35mSQL (0.2ms)[0m  INSERT INTO "schema_migrations" ("version") VALUES (?)  [["version", "20140205105035"]]
  [1m[36m (131.5ms)[0m  [1mcommit transaction[0m
Migrating to CreateProgrammes (20140205111403)
  [1m[35m (0.1ms)[0m  begin transaction
  [1m[36m (0.4ms)[0m  [1mCREATE TABLE "programmes" ("id" INTEGER PRIMARY KEY AUTOINCREMENT NOT NULL, "nom" varchar(255), "created_at" datetime, "updated_at" datetime) [0m
  [1m[35mSQL (0.2ms)[0m  INSERT INTO "schema_migrations" ("version") VALUES (?)  [["version", "20140205111403"]]
  [1m[36m (155.6ms)[0m  [1mcommit transaction[0m
Migrating to AddFields2ToAgence (20140205113009)
  [1m[35m (0.1ms)[0m  begin transaction
  [1m[36m (0.4ms)[0m  [1mALTER TABLE "agences" ADD "adresse" varchar(255)[0m
  [1m[35m (0.2ms)[0m  ALTER TABLE "agences" ADD "cp" varchar(255)
  [1m[36mSQL (0.2ms)[0m  [1mINSERT INTO "schema_migrations" ("version") VALUES (?)[0m  [["version", "20140205113009"]]
  [1m[35m (131.1ms)[0m  commit transaction
Migrating to RemoveCpFromAgence (20140205115231)
  [1m[36m (0.1ms)[0m  [1mbegin transaction[0m
  [1m[35m (0.5ms)[0m  CREATE TEMPORARY TABLE "aagences" ("id" INTEGER PRIMARY KEY AUTOINCREMENT NOT NULL, "raison_sociale" varchar(255), "responsable" varchar(255), "telephone" varchar(255), "progouinon" varchar(255), "rappelouinon" varchar(255), "created_at" datetime, "updated_at" datetime, "email" varchar(255), "adresse" varchar(255), "cp" varchar(255)) 
  [1m[36m (0.2ms)[0m  [1mSELECT * FROM "agences"[0m
  [1m[35m (0.3ms)[0m  DROP TABLE "agences"
  [1m[36m (0.3ms)[0m  [1mCREATE TABLE "agences" ("id" INTEGER PRIMARY KEY AUTOINCREMENT NOT NULL, "raison_sociale" varchar(255), "responsable" varchar(255), "telephone" varchar(255), "progouinon" varchar(255), "rappelouinon" varchar(255), "created_at" datetime, "updated_at" datetime, "email" varchar(255), "adresse" varchar(255)) [0m
  [1m[35m (0.2ms)[0m  SELECT * FROM "aagences"
  [1m[36m (0.3ms)[0m  [1mDROP TABLE "aagences"[0m
  [1m[35mSQL (0.2ms)[0m  INSERT INTO "schema_migrations" ("version") VALUES (?)  [["version", "20140205115231"]]
  [1m[36m (147.7ms)[0m  [1mcommit transaction[0m
Migrating to AddCpToAgence (20140205120215)
  [1m[35m (0.1ms)[0m  begin transaction
  [1m[36m (0.4ms)[0m  [1mALTER TABLE "agences" ADD "cp" varchar(255)[0m
  [1m[35mSQL (0.2ms)[0m  INSERT INTO "schema_migrations" ("version") VALUES (?)  [["version", "20140205120215"]]
  [1m[36m (140.8ms)[0m  [1mcommit transaction[0m
Migrating to CreateUtilisateurs (20140205121414)
  [1m[35m (0.1ms)[0m  begin transaction
  [1m[36m (0.4ms)[0m  [1mCREATE TABLE "utilisateurs" ("id" INTEGER PRIMARY KEY AUTOINCREMENT NOT NULL, "nom" varchar(255), "mdp" varchar(255), "created_at" datetime, "updated_at" datetime) [0m
  [1m[35mSQL (0.2ms)[0m  INSERT INTO "schema_migrations" ("version") VALUES (?)  [["version", "20140205121414"]]
  [1m[36m (142.5ms)[0m  [1mcommit transaction[0m
Migrating to CreateBienvenues (20140205123508)
  [1m[35m (0.1ms)[0m  begin transaction
  [1m[36m (0.4ms)[0m  [1mCREATE TABLE "bienvenues" ("id" INTEGER PRIMARY KEY AUTOINCREMENT NOT NULL, "created_at" datetime, "updated_at" datetime) [0m
  [1m[35mSQL (0.2ms)[0m  INSERT INTO "schema_migrations" ("version") VALUES (?)  [["version", "20140205123508"]]
  [1m[36m (164.9ms)[0m  [1mcommit transaction[0m
Migrating to AddRappelToAgence (20140206084404)
  [1m[35m (0.1ms)[0m  begin transaction
  [1m[36m (0.4ms)[0m  [1mALTER TABLE "agences" ADD "rappel" datetime[0m
  [1m[35mSQL (0.2ms)[0m  INSERT INTO "schema_migrations" ("version") VALUES (?)  [["version", "20140206084404"]]
  [1m[36m (142.5ms)[0m  [1mcommit transaction[0m
  [1m[35mActiveRecord::SchemaMigration Load (0.1ms)[0m  SELECT "schema_migrations".* FROM "schema_migrations"


Started GET "/" for 127.0.0.1 at 2014-02-10 15:21:20 +0100
  [1m[36mActiveRecord::SchemaMigration Load (0.2ms)[0m  [1mSELECT "schema_migrations".* FROM "schema_migrations"[0m
Processing by BienvenuesController#index as HTML
  Rendered layouts/_nav.html.erb (1.1ms)
  Rendered bienvenues/index.html.erb within layouts/application (5.4ms)
Completed 200 OK in 1807ms (Views: 1768.2ms | ActiveRecord: 0.0ms)


Started GET "/assets/application.css?body=1" for 127.0.0.1 at 2014-02-10 15:21:22 +0100


Started GET "/assets/bienvenues.css?body=1" for 127.0.0.1 at 2014-02-10 15:21:22 +0100


Started GET "/assets/agences.css?body=1" for 127.0.0.1 at 2014-02-10 15:21:22 +0100


Started GET "/assets/jquery_ujs.js?body=1" for 127.0.0.1 at 2014-02-10 15:21:22 +0100


Started GET "/assets/turbolinks.js?body=1" for 127.0.0.1 at 2014-02-10 15:21:22 +0100


Started GET "/assets/agences.js?body=1" for 127.0.0.1 at 2014-02-10 15:21:22 +0100


Started GET "/assets/bienvenues.js?body=1" for 127.0.0.1 at 2014-02-10 15:21:22 +0100


Started GET "/assets/utilisateurs.css?body=1" for 127.0.0.1 at 2014-02-10 15:21:22 +0100


Started GET "/assets/jquery.js?body=1" for 127.0.0.1 at 2014-02-10 15:21:23 +0100


Started GET "/assets/programmes.css?body=1" for 127.0.0.1 at 2014-02-10 15:21:23 +0100


Started GET "/assets/programmes.js?body=1" for 127.0.0.1 at 2014-02-10 15:21:23 +0100


Started GET "/assets/utilisateurs.js?body=1" for 127.0.0.1 at 2014-02-10 15:21:23 +0100


Started GET "/assets/application.js?body=1" for 127.0.0.1 at 2014-02-10 15:21:23 +0100


Started GET "/agences" for 127.0.0.1 at 2014-02-10 15:21:25 +0100
Processing by AgencesController#index as HTML
  Rendered layouts/_nav.html.erb (1.3ms)
  [1m[35mAgence Load (0.3ms)[0m  SELECT "agences".* FROM "agences"
  Rendered agences/index.html.erb within layouts/application (19.8ms)
Completed 200 OK in 36ms (Views: 30.6ms | ActiveRecord: 0.3ms)


Started GET "/agences" for 127.0.0.1 at 2014-02-10 15:21:29 +0100
Processing by AgencesController#index as HTML
  Rendered layouts/_nav.html.erb (0.4ms)
  [1m[36mAgence Load (0.2ms)[0m  [1mSELECT "agences".* FROM "agences"[0m
  Rendered agences/index.html.erb within layouts/application (1.8ms)
Completed 200 OK in 11ms (Views: 9.1ms | ActiveRecord: 0.2ms)


Started GET "/programmes" for 127.0.0.1 at 2014-02-10 15:21:30 +0100
Processing by ProgrammesController#index as HTML
  Rendered layouts/_nav.html.erb (0.6ms)
  [1m[35mProgramme Load (0.2ms)[0m  SELECT "programmes".* FROM "programmes"
  Rendered programmes/index.html.erb within layouts/application (3.1ms)
Completed 200 OK in 15ms (Views: 12.1ms | ActiveRecord: 0.2ms)


Started GET "/utilisateurs" for 127.0.0.1 at 2014-02-10 15:21:31 +0100
Processing by UtilisateursController#index as HTML
  Rendered layouts/_nav.html.erb (0.6ms)
  [1m[36mUtilisateur Load (0.2ms)[0m  [1mSELECT "utilisateurs".* FROM "utilisateurs"[0m
  Rendered utilisateurs/index.html.erb within layouts/application (3.1ms)
Completed 200 OK in 15ms (Views: 12.3ms | ActiveRecord: 0.2ms)


Started GET "/agences" for 127.0.0.1 at 2014-02-10 15:21:32 +0100
Processing by AgencesController#index as HTML
  Rendered layouts/_nav.html.erb (0.5ms)
  [1m[35mAgence Load (0.3ms)[0m  SELECT "agences".* FROM "agences"
  Rendered agences/index.html.erb within layouts/application (2.2ms)
Completed 200 OK in 13ms (Views: 11.3ms | ActiveRecord: 0.3ms)


Started GET "/agences" for 127.0.0.1 at 2014-02-10 15:22:03 +0100
Processing by AgencesController#index as HTML
  Rendered layouts/_nav.html.erb (0.6ms)
  [1m[36mAgence Load (0.3ms)[0m  [1mSELECT "agences".* FROM "agences"[0m
  Rendered agences/index.html.erb within layouts/application (4.4ms)
Completed 200 OK in 16ms (Views: 14.2ms | ActiveRecord: 0.3ms)


Started GET "/assets/application.css?body=1" for 127.0.0.1 at 2014-02-10 15:22:03 +0100


Started GET "/assets/agences.css?body=1" for 127.0.0.1 at 2014-02-10 15:22:03 +0100


Started GET "/assets/bienvenues.css?body=1" for 127.0.0.1 at 2014-02-10 15:22:03 +0100


Started GET "/assets/programmes.css?body=1" for 127.0.0.1 at 2014-02-10 15:22:03 +0100


Started GET "/assets/utilisateurs.css?body=1" for 127.0.0.1 at 2014-02-10 15:22:03 +0100


Started GET "/assets/jquery.js?body=1" for 127.0.0.1 at 2014-02-10 15:22:03 +0100


Started GET "/assets/jquery_ujs.js?body=1" for 127.0.0.1 at 2014-02-10 15:22:03 +0100


Started GET "/assets/turbolinks.js?body=1" for 127.0.0.1 at 2014-02-10 15:22:03 +0100


Started GET "/assets/agences.js?body=1" for 127.0.0.1 at 2014-02-10 15:22:03 +0100


Started GET "/assets/bienvenues.js?body=1" for 127.0.0.1 at 2014-02-10 15:22:03 +0100


Started GET "/assets/programmes.js?body=1" for 127.0.0.1 at 2014-02-10 15:22:03 +0100


Started GET "/assets/utilisateurs.js?body=1" for 127.0.0.1 at 2014-02-10 15:22:03 +0100


Started GET "/assets/application.js?body=1" for 127.0.0.1 at 2014-02-10 15:22:03 +0100


Started GET "/agences" for 127.0.0.1 at 2014-02-10 15:23:36 +0100
  [1m[36mActiveRecord::SchemaMigration Load (0.2ms)[0m  [1mSELECT "schema_migrations".* FROM "schema_migrations"[0m
Processing by AgencesController#index as HTML
  Rendered layouts/_nav.html.erb (1.0ms)
  [1m[35mAgence Load (0.3ms)[0m  SELECT "agences".* FROM "agences"
  Rendered agences/index.html.erb within layouts/application (26.2ms)
Completed 200 OK in 196ms (Views: 131.4ms | ActiveRecord: 1.0ms)


Started GET "/assets/agences.css?body=1" for 127.0.0.1 at 2014-02-10 15:23:36 +0100


Started GET "/assets/bienvenues.css?body=1" for 127.0.0.1 at 2014-02-10 15:23:36 +0100


Started GET "/assets/utilisateurs.css?body=1" for 127.0.0.1 at 2014-02-10 15:23:36 +0100


Started GET "/assets/programmes.css?body=1" for 127.0.0.1 at 2014-02-10 15:23:36 +0100


Started GET "/assets/jquery.js?body=1" for 127.0.0.1 at 2014-02-10 15:23:36 +0100


Started GET "/assets/application.css?body=1" for 127.0.0.1 at 2014-02-10 15:23:36 +0100


Started GET "/assets/jquery_ujs.js?body=1" for 127.0.0.1 at 2014-02-10 15:23:36 +0100


Started GET "/assets/agences.js?body=1" for 127.0.0.1 at 2014-02-10 15:23:36 +0100


Started GET "/assets/turbolinks.js?body=1" for 127.0.0.1 at 2014-02-10 15:23:36 +0100


Started GET "/assets/bienvenues.js?body=1" for 127.0.0.1 at 2014-02-10 15:23:37 +0100


Started GET "/assets/programmes.js?body=1" for 127.0.0.1 at 2014-02-10 15:23:37 +0100


Started GET "/assets/utilisateurs.js?body=1" for 127.0.0.1 at 2014-02-10 15:23:37 +0100


Started GET "/assets/application.js?body=1" for 127.0.0.1 at 2014-02-10 15:23:37 +0100


Started GET "/agences?q%5Bs%5D=raison_sociale+asc" for 127.0.0.1 at 2014-02-10 15:23:39 +0100
Processing by AgencesController#index as HTML
  Parameters: {"q"=>{"s"=>"raison_sociale asc"}}
  Rendered layouts/_nav.html.erb (1.1ms)
  [1m[36mAgence Load (0.3ms)[0m  [1mSELECT "agences".* FROM "agences" ORDER BY "agences"."raison_sociale" ASC[0m
  Rendered agences/index.html.erb within layouts/application (16.9ms)
Completed 200 OK in 29ms (Views: 26.8ms | ActiveRecord: 0.3ms)


Started GET "/agences" for 127.0.0.1 at 2014-02-10 15:23:43 +0100
Processing by AgencesController#index as HTML
  Rendered layouts/_nav.html.erb (0.6ms)
  [1m[35mAgence Load (0.3ms)[0m  SELECT "agences".* FROM "agences"
  Rendered agences/index.html.erb within layouts/application (27.1ms)
Completed 200 OK in 54ms (Views: 53.0ms | ActiveRecord: 0.3ms)


Started GET "/agences?q%5Bs%5D=responsable+asc" for 127.0.0.1 at 2014-02-10 15:24:18 +0100
Processing by AgencesController#index as HTML
  Parameters: {"q"=>{"s"=>"responsable asc"}}
  Rendered layouts/_nav.html.erb (0.7ms)
  [1m[36mAgence Load (0.3ms)[0m  [1mSELECT "agences".* FROM "agences" ORDER BY "agences"."responsable" ASC[0m
  Rendered agences/index.html.erb within layouts/application (24.2ms)
Completed 200 OK in 42ms (Views: 40.6ms | ActiveRecord: 0.3ms)


Started GET "/agences?q%5Bs%5D=responsable+desc" for 127.0.0.1 at 2014-02-10 15:24:19 +0100
Processing by AgencesController#index as HTML
  Parameters: {"q"=>{"s"=>"responsable desc"}}
  Rendered layouts/_nav.html.erb (0.5ms)
  [1m[35mAgence Load (0.3ms)[0m  SELECT "agences".* FROM "agences" ORDER BY "agences"."responsable" DESC
  Rendered agences/index.html.erb within layouts/application (25.6ms)
Completed 200 OK in 38ms (Views: 36.3ms | ActiveRecord: 0.3ms)


Started GET "/agences?utf8=%E2%9C%93&q%5Bresponsable_cont%5D=a&q%5Bcp_cont%5D=&q%5Braison_sociale_cont%5D=&commit=Search" for 127.0.0.1 at 2014-02-10 15:24:36 +0100
Processing by AgencesController#index as HTML
  Parameters: {"utf8"=>"✓", "q"=>{"responsable_cont"=>"a", "cp_cont"=>"", "raison_sociale_cont"=>""}, "commit"=>"Search"}
  Rendered layouts/_nav.html.erb (0.6ms)
  [1m[36mAgence Load (0.3ms)[0m  [1mSELECT "agences".* FROM "agences" WHERE ("agences"."responsable" LIKE '%a%')[0m
  Rendered agences/index.html.erb within layouts/application (20.3ms)
Completed 200 OK in 83ms (Views: 78.9ms | ActiveRecord: 0.3ms)


Started GET "/assets/application.css?body=1" for 127.0.0.1 at 2014-02-10 15:24:37 +0100


Started GET "/assets/agences.css?body=1" for 127.0.0.1 at 2014-02-10 15:24:37 +0100


Started GET "/assets/utilisateurs.css?body=1" for 127.0.0.1 at 2014-02-10 15:24:37 +0100


Started GET "/assets/jquery.js?body=1" for 127.0.0.1 at 2014-02-10 15:24:37 +0100


Started GET "/assets/bienvenues.css?body=1" for 127.0.0.1 at 2014-02-10 15:24:37 +0100


Started GET "/assets/programmes.css?body=1" for 127.0.0.1 at 2014-02-10 15:24:37 +0100


Started GET "/assets/jquery_ujs.js?body=1" for 127.0.0.1 at 2014-02-10 15:24:37 +0100


Started GET "/assets/turbolinks.js?body=1" for 127.0.0.1 at 2014-02-10 15:24:37 +0100


Started GET "/assets/agences.js?body=1" for 127.0.0.1 at 2014-02-10 15:24:37 +0100


Started GET "/assets/bienvenues.js?body=1" for 127.0.0.1 at 2014-02-10 15:24:37 +0100


Started GET "/assets/programmes.js?body=1" for 127.0.0.1 at 2014-02-10 15:24:37 +0100


Started GET "/assets/utilisateurs.js?body=1" for 127.0.0.1 at 2014-02-10 15:24:37 +0100


Started GET "/assets/application.js?body=1" for 127.0.0.1 at 2014-02-10 15:24:37 +0100


Started GET "/agences?commit=Search&q%5Bresponsable_cont%5D=a&q%5Bs%5D=responsable+asc&utf8=%E2%9C%93" for 127.0.0.1 at 2014-02-10 15:26:07 +0100
Processing by AgencesController#index as HTML
  Parameters: {"commit"=>"Search", "q"=>{"responsable_cont"=>"a", "s"=>"responsable asc"}, "utf8"=>"✓"}
  Rendered layouts/_nav.html.erb (0.5ms)
  [1m[35mAgence Load (0.3ms)[0m  SELECT "agences".* FROM "agences" WHERE ("agences"."responsable" LIKE '%a%') ORDER BY "agences"."responsable" ASC
  Rendered agences/index.html.erb within layouts/application (17.9ms)
Completed 200 OK in 31ms (Views: 26.3ms | ActiveRecord: 0.3ms)


Started GET "/agences?commit=Search&q%5Bresponsable_cont%5D=a&q%5Bs%5D=responsable+asc&utf8=%E2%9C%93" for 127.0.0.1 at 2014-02-10 15:30:57 +0100
Processing by AgencesController#index as HTML
  Parameters: {"commit"=>"Search", "q"=>{"responsable_cont"=>"a", "s"=>"responsable asc"}, "utf8"=>"✓"}
  Rendered layouts/_nav.html.erb (0.6ms)
  [1m[36mAgence Load (0.4ms)[0m  [1mSELECT "agences".* FROM "agences" WHERE ("agences"."responsable" LIKE '%a%') ORDER BY "agences"."responsable" ASC[0m
  Rendered agences/index.html.erb within layouts/application (19.1ms)
Completed 200 OK in 32ms (Views: 28.5ms | ActiveRecord: 0.4ms)


Started GET "/assets/application.css?body=1" for 127.0.0.1 at 2014-02-10 15:30:58 +0100


Started GET "/assets/agences.css?body=1" for 127.0.0.1 at 2014-02-10 15:30:58 +0100


Started GET "/assets/bienvenues.css?body=1" for 127.0.0.1 at 2014-02-10 15:30:58 +0100


Started GET "/assets/programmes.css?body=1" for 127.0.0.1 at 2014-02-10 15:30:58 +0100


Started GET "/assets/utilisateurs.css?body=1" for 127.0.0.1 at 2014-02-10 15:30:58 +0100


Started GET "/assets/jquery.js?body=1" for 127.0.0.1 at 2014-02-10 15:30:58 +0100


Started GET "/assets/jquery_ujs.js?body=1" for 127.0.0.1 at 2014-02-10 15:30:58 +0100


Started GET "/assets/turbolinks.js?body=1" for 127.0.0.1 at 2014-02-10 15:30:58 +0100


Started GET "/assets/agences.js?body=1" for 127.0.0.1 at 2014-02-10 15:30:58 +0100


Started GET "/assets/bienvenues.js?body=1" for 127.0.0.1 at 2014-02-10 15:30:58 +0100


Started GET "/assets/programmes.js?body=1" for 127.0.0.1 at 2014-02-10 15:30:58 +0100


Started GET "/assets/application.js?body=1" for 127.0.0.1 at 2014-02-10 15:30:58 +0100


Started GET "/assets/utilisateurs.js?body=1" for 127.0.0.1 at 2014-02-10 15:30:58 +0100


Started GET "/agences?commit=Search&q%5Bresponsable_cont%5D=a&q%5Bs%5D=raison_sociale+asc&utf8=%E2%9C%93" for 127.0.0.1 at 2014-02-10 15:31:00 +0100
Processing by AgencesController#index as HTML
  Parameters: {"commit"=>"Search", "q"=>{"responsable_cont"=>"a", "s"=>"raison_sociale asc"}, "utf8"=>"✓"}
  Rendered layouts/_nav.html.erb (0.6ms)
  [1m[35mAgence Load (0.4ms)[0m  SELECT "agences".* FROM "agences" WHERE ("agences"."responsable" LIKE '%a%') ORDER BY "agences"."raison_sociale" ASC
  Rendered agences/index.html.erb within layouts/application (27.5ms)
Completed 200 OK in 45ms (Views: 38.9ms | ActiveRecord: 0.4ms)


Started GET "/agences?commit=Search&q%5Bresponsable_cont%5D=a&q%5Bs%5D=responsable+asc&utf8=%E2%9C%93" for 127.0.0.1 at 2014-02-10 15:31:01 +0100
Processing by AgencesController#index as HTML
  Parameters: {"commit"=>"Search", "q"=>{"responsable_cont"=>"a", "s"=>"responsable asc"}, "utf8"=>"✓"}
  Rendered layouts/_nav.html.erb (0.5ms)
  [1m[36mAgence Load (0.3ms)[0m  [1mSELECT "agences".* FROM "agences" WHERE ("agences"."responsable" LIKE '%a%') ORDER BY "agences"."responsable" ASC[0m
  Rendered agences/index.html.erb within layouts/application (19.5ms)
Completed 200 OK in 39ms (Views: 34.6ms | ActiveRecord: 0.3ms)


Started GET "/agences?commit=Search&q%5Bresponsable_cont%5D=a&q%5Bs%5D=raison_sociale+asc&utf8=%E2%9C%93" for 127.0.0.1 at 2014-02-10 15:31:02 +0100
Processing by AgencesController#index as HTML
  Parameters: {"commit"=>"Search", "q"=>{"responsable_cont"=>"a", "s"=>"raison_sociale asc"}, "utf8"=>"✓"}
  Rendered layouts/_nav.html.erb (0.5ms)
  [1m[35mAgence Load (0.3ms)[0m  SELECT "agences".* FROM "agences" WHERE ("agences"."responsable" LIKE '%a%') ORDER BY "agences"."raison_sociale" ASC
  Rendered agences/index.html.erb within layouts/application (43.1ms)
Completed 200 OK in 63ms (Views: 53.0ms | ActiveRecord: 0.3ms)


Started GET "/agences?commit=Search&q%5Bresponsable_cont%5D=a&q%5Bs%5D=responsable+asc&utf8=%E2%9C%93" for 127.0.0.1 at 2014-02-10 15:31:02 +0100
Processing by AgencesController#index as HTML
  Parameters: {"commit"=>"Search", "q"=>{"responsable_cont"=>"a", "s"=>"responsable asc"}, "utf8"=>"✓"}
  Rendered layouts/_nav.html.erb (0.5ms)
  [1m[36mAgence Load (0.3ms)[0m  [1mSELECT "agences".* FROM "agences" WHERE ("agences"."responsable" LIKE '%a%') ORDER BY "agences"."responsable" ASC[0m
  Rendered agences/index.html.erb within layouts/application (27.7ms)
Completed 200 OK in 54ms (Views: 38.8ms | ActiveRecord: 0.3ms)


Started GET "/agences?commit=Search&q%5Bresponsable_cont%5D=a&q%5Bs%5D=telephone+asc&utf8=%E2%9C%93" for 127.0.0.1 at 2014-02-10 15:31:02 +0100
Processing by AgencesController#index as HTML
  Parameters: {"commit"=>"Search", "q"=>{"responsable_cont"=>"a", "s"=>"telephone asc"}, "utf8"=>"✓"}
  Rendered layouts/_nav.html.erb (0.5ms)
  [1m[35mAgence Load (0.3ms)[0m  SELECT "agences".* FROM "agences" WHERE ("agences"."responsable" LIKE '%a%') ORDER BY "agences"."telephone" ASC
  Rendered agences/index.html.erb within layouts/application (102.9ms)
Completed 200 OK in 128ms (Views: 116.1ms | ActiveRecord: 0.3ms)


Started GET "/" for 127.0.0.1 at 2014-02-10 15:49:46 +0100
  [1m[36mActiveRecord::SchemaMigration Load (0.2ms)[0m  [1mSELECT "schema_migrations".* FROM "schema_migrations"[0m
Processing by BienvenuesController#index as HTML
  Rendered layouts/_nav.html.erb (1.2ms)
  Rendered bienvenues/index.html.erb within layouts/application (5.9ms)
Completed 200 OK in 168ms (Views: 134.5ms | ActiveRecord: 0.0ms)


Started GET "/assets/application.css?body=1" for 127.0.0.1 at 2014-02-10 15:49:47 +0100


Started GET "/assets/agences.css?body=1" for 127.0.0.1 at 2014-02-10 15:49:47 +0100


Started GET "/assets/bienvenues.css?body=1" for 127.0.0.1 at 2014-02-10 15:49:47 +0100


Started GET "/assets/programmes.css?body=1" for 127.0.0.1 at 2014-02-10 15:49:47 +0100


Started GET "/assets/utilisateurs.css?body=1" for 127.0.0.1 at 2014-02-10 15:49:47 +0100


Started GET "/assets/jquery.js?body=1" for 127.0.0.1 at 2014-02-10 15:49:47 +0100


Started GET "/assets/jquery_ujs.js?body=1" for 127.0.0.1 at 2014-02-10 15:49:47 +0100


Started GET "/assets/programmes.js?body=1" for 127.0.0.1 at 2014-02-10 15:49:47 +0100


Started GET "/assets/turbolinks.js?body=1" for 127.0.0.1 at 2014-02-10 15:49:47 +0100


Started GET "/assets/bienvenues.js?body=1" for 127.0.0.1 at 2014-02-10 15:49:47 +0100


Started GET "/assets/agences.js?body=1" for 127.0.0.1 at 2014-02-10 15:49:47 +0100


Started GET "/assets/utilisateurs.js?body=1" for 127.0.0.1 at 2014-02-10 15:49:47 +0100


Started GET "/assets/application.js?body=1" for 127.0.0.1 at 2014-02-10 15:49:47 +0100


Started GET "/programmes" for 127.0.0.1 at 2014-02-10 15:49:50 +0100
Processing by ProgrammesController#index as HTML
  Rendered layouts/_nav.html.erb (6.3ms)
  [1m[35mProgramme Load (0.2ms)[0m  SELECT "programmes".* FROM "programmes"
  Rendered programmes/index.html.erb within layouts/application (8.9ms)
Completed 200 OK in 28ms (Views: 20.7ms | ActiveRecord: 0.2ms)


Started GET "/agences" for 127.0.0.1 at 2014-02-10 15:49:51 +0100
Processing by AgencesController#index as HTML
  Rendered layouts/_nav.html.erb (0.7ms)
  [1m[36mAgence Load (0.3ms)[0m  [1mSELECT "agences".* FROM "agences"[0m
  Rendered agences/index.html.erb within layouts/application (29.9ms)
Completed 200 OK in 52ms (Views: 41.9ms | ActiveRecord: 1.0ms)


Started GET "/agences?q%5Bs%5D=responsable+asc" for 127.0.0.1 at 2014-02-10 15:49:53 +0100
Processing by AgencesController#index as HTML
  Parameters: {"q"=>{"s"=>"responsable asc"}}
  Rendered layouts/_nav.html.erb (0.5ms)
  [1m[35mAgence Load (0.3ms)[0m  SELECT "agences".* FROM "agences" ORDER BY "agences"."responsable" ASC
  Rendered agences/index.html.erb within layouts/application (19.0ms)
Completed 200 OK in 37ms (Views: 31.1ms | ActiveRecord: 0.3ms)


Started GET "/agences?q%5Bs%5D=telephone+asc" for 127.0.0.1 at 2014-02-10 15:49:54 +0100
Processing by AgencesController#index as HTML
  Parameters: {"q"=>{"s"=>"telephone asc"}}
  Rendered layouts/_nav.html.erb (0.5ms)
  [1m[36mAgence Load (0.7ms)[0m  [1mSELECT "agences".* FROM "agences" ORDER BY "agences"."telephone" ASC[0m
  Rendered agences/index.html.erb within layouts/application (24.2ms)
Completed 200 OK in 34ms (Views: 32.1ms | ActiveRecord: 0.7ms)


Started GET "/agences?q%5Bs%5D=responsable+asc" for 127.0.0.1 at 2014-02-10 15:49:55 +0100
Processing by AgencesController#index as HTML
  Parameters: {"q"=>{"s"=>"responsable asc"}}
  Rendered layouts/_nav.html.erb (0.5ms)
  [1m[35mAgence Load (0.3ms)[0m  SELECT "agences".* FROM "agences" ORDER BY "agences"."responsable" ASC
  Rendered agences/index.html.erb within layouts/application (35.8ms)
Completed 200 OK in 57ms (Views: 55.3ms | ActiveRecord: 0.3ms)


Started GET "/agences?q%5Bs%5D=raison_sociale+asc" for 127.0.0.1 at 2014-02-10 15:49:56 +0100
Processing by AgencesController#index as HTML
  Parameters: {"q"=>{"s"=>"raison_sociale asc"}}
  Rendered layouts/_nav.html.erb (0.5ms)
  [1m[36mAgence Load (0.3ms)[0m  [1mSELECT "agences".* FROM "agences" ORDER BY "agences"."raison_sociale" ASC[0m
  Rendered agences/index.html.erb within layouts/application (32.3ms)
Completed 200 OK in 50ms (Views: 49.0ms | ActiveRecord: 0.3ms)
  [1m[36mActiveRecord::SchemaMigration Load (0.2ms)[0m  [1mSELECT "schema_migrations".* FROM "schema_migrations"[0m
  [1m[35mActiveRecord::SchemaMigration Load (0.1ms)[0m  SELECT "schema_migrations".* FROM "schema_migrations"


Started GET "/agences?q%5Bs%5D=raison_sociale+asc" for 127.0.0.1 at 2014-02-10 15:50:45 +0100
Processing by AgencesController#index as HTML
  Parameters: {"q"=>{"s"=>"raison_sociale asc"}}
  Rendered layouts/_nav.html.erb (0.6ms)
  [1m[35mAgence Load (0.3ms)[0m  SELECT "agences".* FROM "agences" ORDER BY "agences"."raison_sociale" ASC
  Rendered agences/index.html.erb within layouts/application (16.0ms)
Completed 200 OK in 30ms (Views: 24.0ms | ActiveRecord: 1.2ms)


Started GET "/assets/application.css?body=1" for 127.0.0.1 at 2014-02-10 15:50:45 +0100


Started GET "/assets/agences.css?body=1" for 127.0.0.1 at 2014-02-10 15:50:46 +0100


Started GET "/assets/bienvenues.css?body=1" for 127.0.0.1 at 2014-02-10 15:50:46 +0100


Started GET "/assets/utilisateurs.css?body=1" for 127.0.0.1 at 2014-02-10 15:50:46 +0100


Started GET "/assets/jquery.js?body=1" for 127.0.0.1 at 2014-02-10 15:50:46 +0100


Started GET "/assets/programmes.css?body=1" for 127.0.0.1 at 2014-02-10 15:50:46 +0100


Started GET "/assets/jquery_ujs.js?body=1" for 127.0.0.1 at 2014-02-10 15:50:46 +0100


Started GET "/assets/agences.js?body=1" for 127.0.0.1 at 2014-02-10 15:50:46 +0100


Started GET "/assets/programmes.js?body=1" for 127.0.0.1 at 2014-02-10 15:50:46 +0100


Started GET "/assets/bienvenues.js?body=1" for 127.0.0.1 at 2014-02-10 15:50:46 +0100


Started GET "/assets/turbolinks.js?body=1" for 127.0.0.1 at 2014-02-10 15:50:46 +0100


Started GET "/assets/application.js?body=1" for 127.0.0.1 at 2014-02-10 15:50:46 +0100


Started GET "/assets/utilisateurs.js?body=1" for 127.0.0.1 at 2014-02-10 15:50:46 +0100


Started GET "/agences?q%5Bs%5D=telephone+asc" for 127.0.0.1 at 2014-02-10 15:50:48 +0100
Processing by AgencesController#index as HTML
  Parameters: {"q"=>{"s"=>"telephone asc"}}
  Rendered layouts/_nav.html.erb (0.6ms)
  [1m[36mAgence Load (0.3ms)[0m  [1mSELECT "agences".* FROM "agences" ORDER BY "agences"."telephone" ASC[0m
  Rendered agences/index.html.erb within layouts/application (27.3ms)
Completed 200 OK in 42ms (Views: 39.5ms | ActiveRecord: 0.3ms)


Started GET "/programmes" for 127.0.0.1 at 2014-02-10 15:50:49 +0100
Processing by ProgrammesController#index as HTML
  Rendered layouts/_nav.html.erb (0.8ms)
  [1m[35mProgramme Load (0.2ms)[0m  SELECT "programmes".* FROM "programmes"
  Rendered programmes/index.html.erb within layouts/application (4.7ms)
Completed 200 OK in 27ms (Views: 18.1ms | ActiveRecord: 0.2ms)


Started GET "/agences" for 127.0.0.1 at 2014-02-10 15:50:49 +0100
Processing by AgencesController#index as HTML
  Rendered layouts/_nav.html.erb (0.6ms)
  [1m[36mAgence Load (0.3ms)[0m  [1mSELECT "agences".* FROM "agences"[0m
  Rendered agences/index.html.erb within layouts/application (16.3ms)
Completed 200 OK in 35ms (Views: 33.5ms | ActiveRecord: 0.3ms)


Started GET "/" for 127.0.0.1 at 2014-02-10 15:50:50 +0100
Processing by BienvenuesController#index as HTML
  Rendered layouts/_nav.html.erb (0.6ms)
  Rendered bienvenues/index.html.erb within layouts/application (2.2ms)
Completed 200 OK in 13ms (Views: 11.8ms | ActiveRecord: 0.0ms)


Started GET "/agences" for 127.0.0.1 at 2014-02-10 15:51:54 +0100
Processing by AgencesController#index as HTML
  Rendered layouts/_nav.html.erb (0.6ms)
  [1m[35mAgence Load (0.3ms)[0m  SELECT "agences".* FROM "agences"
  Rendered agences/index.html.erb within layouts/application (30.7ms)
Completed 200 OK in 44ms (Views: 39.6ms | ActiveRecord: 1.2ms)
  [1m[36mAgence Load (41.3ms)[0m  [1mSELECT "agences".* FROM "agences"[0m
  [1m[35m (0.1ms)[0m  begin transaction
  [1m[36mSQL (25.9ms)[0m  [1mINSERT INTO "agences" ("created_at", "raison_sociale", "updated_at") VALUES (?, ?, ?)[0m  [["created_at", Tue, 11 Feb 2014 08:45:42 UTC +00:00], ["raison_sociale", "Connexion006"], ["updated_at", Tue, 11 Feb 2014 08:45:42 UTC +00:00]]
  [1m[35m (148.5ms)[0m  commit transaction


Started GET "/" for 127.0.0.1 at 2014-02-11 09:45:59 +0100
  [1m[36mActiveRecord::SchemaMigration Load (0.2ms)[0m  [1mSELECT "schema_migrations".* FROM "schema_migrations"[0m
Processing by BienvenuesController#index as HTML
  Rendered layouts/_nav.html.erb (1.1ms)
  Rendered bienvenues/index.html.erb within layouts/application (6.4ms)
Completed 200 OK in 269ms (Views: 220.0ms | ActiveRecord: 0.0ms)


Started GET "/assets/application.css?body=1" for 127.0.0.1 at 2014-02-11 09:46:00 +0100


Started GET "/assets/turbolinks.js?body=1" for 127.0.0.1 at 2014-02-11 09:46:00 +0100


Started GET "/assets/agences.css?body=1" for 127.0.0.1 at 2014-02-11 09:46:00 +0100


Started GET "/assets/bienvenues.css?body=1" for 127.0.0.1 at 2014-02-11 09:46:00 +0100


Started GET "/assets/bienvenues.js?body=1" for 127.0.0.1 at 2014-02-11 09:46:00 +0100


Started GET "/assets/jquery_ujs.js?body=1" for 127.0.0.1 at 2014-02-11 09:46:00 +0100


Started GET "/assets/programmes.css?body=1" for 127.0.0.1 at 2014-02-11 09:46:00 +0100


Started GET "/assets/utilisateurs.css?body=1" for 127.0.0.1 at 2014-02-11 09:46:00 +0100


Started GET "/assets/jquery.js?body=1" for 127.0.0.1 at 2014-02-11 09:46:00 +0100


Started GET "/assets/programmes.js?body=1" for 127.0.0.1 at 2014-02-11 09:46:00 +0100


Started GET "/assets/agences.js?body=1" for 127.0.0.1 at 2014-02-11 09:46:00 +0100


Started GET "/assets/application.js?body=1" for 127.0.0.1 at 2014-02-11 09:46:00 +0100


Started GET "/assets/utilisateurs.js?body=1" for 127.0.0.1 at 2014-02-11 09:46:00 +0100


Started GET "/agences" for 127.0.0.1 at 2014-02-11 09:46:04 +0100
Processing by AgencesController#index as HTML
  Rendered layouts/_nav.html.erb (1.1ms)
  [1m[35mAgence Load (0.3ms)[0m  SELECT "agences".* FROM "agences"
  Rendered agences/index.html.erb within layouts/application (75.6ms)
Completed 500 Internal Server Error in 121ms

ActionView::Template::Error (undefined method `rappelerouinon' for #<Agence:0xa3af160>):
    40:         <td> <%= a.created_at %></td>
    41:         <td> <%= a.updated_at %></td>
    42:         <td> <%= a.email %></td>
    43:         <td> <%= a.rappelerouinon %></td>
    44:         <td> <%= a.rappel %></td>
    45:         <td> <%= a.adresse %></td>
    46:         <td> <%= a.cp %></td>
  app/views/agences/index.html.erb:43:in `block in _app_views_agences_index_html_erb__325254102_85578240'
  app/views/agences/index.html.erb:34:in `_app_views_agences_index_html_erb__325254102_85578240'


  Rendered /home/andrew/.rvm/gems/ruby-2.0.0-p353/gems/actionpack-4.0.2/lib/action_dispatch/middleware/templates/rescues/_trace.erb (1.9ms)
  Rendered /home/andrew/.rvm/gems/ruby-2.0.0-p353/gems/actionpack-4.0.2/lib/action_dispatch/middleware/templates/rescues/_request_and_response.erb (3.2ms)
  Rendered /home/andrew/.rvm/gems/ruby-2.0.0-p353/gems/actionpack-4.0.2/lib/action_dispatch/middleware/templates/rescues/template_error.erb within rescues/layout (31.1ms)


Started GET "/agences" for 127.0.0.1 at 2014-02-11 09:46:04 +0100
Processing by AgencesController#index as HTML
  Rendered layouts/_nav.html.erb (0.6ms)
  [1m[36mAgence Load (0.3ms)[0m  [1mSELECT "agences".* FROM "agences"[0m
  Rendered agences/index.html.erb within layouts/application (20.3ms)
Completed 500 Internal Server Error in 24ms

ActionView::Template::Error (undefined method `rappelerouinon' for #<Agence:0xb58232a4>):
    40:         <td> <%= a.created_at %></td>
    41:         <td> <%= a.updated_at %></td>
    42:         <td> <%= a.email %></td>
    43:         <td> <%= a.rappelerouinon %></td>
    44:         <td> <%= a.rappel %></td>
    45:         <td> <%= a.adresse %></td>
    46:         <td> <%= a.cp %></td>
  app/views/agences/index.html.erb:43:in `block in _app_views_agences_index_html_erb__325254102__618527078'
  app/views/agences/index.html.erb:34:in `_app_views_agences_index_html_erb__325254102__618527078'


  Rendered /home/andrew/.rvm/gems/ruby-2.0.0-p353/gems/actionpack-4.0.2/lib/action_dispatch/middleware/templates/rescues/_trace.erb (2.0ms)
  Rendered /home/andrew/.rvm/gems/ruby-2.0.0-p353/gems/actionpack-4.0.2/lib/action_dispatch/middleware/templates/rescues/_request_and_response.erb (1.5ms)
  Rendered /home/andrew/.rvm/gems/ruby-2.0.0-p353/gems/actionpack-4.0.2/lib/action_dispatch/middleware/templates/rescues/template_error.erb within rescues/layout (17.5ms)


Started GET "/agences" for 127.0.0.1 at 2014-02-11 09:48:04 +0100
Processing by AgencesController#index as HTML
  Rendered layouts/_nav.html.erb (0.7ms)
  [1m[35mAgence Load (0.3ms)[0m  SELECT "agences".* FROM "agences"
  Rendered agences/index.html.erb within layouts/application (23.5ms)
Completed 500 Internal Server Error in 27ms

ActionView::Template::Error (undefined method `rappelerouinon' for #<Agence:0xa29da9c>):
    40:         <td> <%= a.created_at %></td>
    41:         <td> <%= a.updated_at %></td>
    42:         <td> <%= a.email %></td>
    43:         <td> <%= a.rappelerouinon %></td>
    44:         <td> <%= a.rappel %></td>
    45:         <td> <%= a.adresse %></td>
    46:         <td> <%= a.cp %></td>
  app/views/agences/index.html.erb:43:in `block in _app_views_agences_index_html_erb__325254102_78591310'
  app/views/agences/index.html.erb:34:in `_app_views_agences_index_html_erb__325254102_78591310'


  Rendered /home/andrew/.rvm/gems/ruby-2.0.0-p353/gems/actionpack-4.0.2/lib/action_dispatch/middleware/templates/rescues/_trace.erb (2.1ms)
  Rendered /home/andrew/.rvm/gems/ruby-2.0.0-p353/gems/actionpack-4.0.2/lib/action_dispatch/middleware/templates/rescues/_request_and_response.erb (1.6ms)
  Rendered /home/andrew/.rvm/gems/ruby-2.0.0-p353/gems/actionpack-4.0.2/lib/action_dispatch/middleware/templates/rescues/template_error.erb within rescues/layout (19.2ms)


Started GET "/agences" for 127.0.0.1 at 2014-02-11 09:48:28 +0100
Processing by AgencesController#index as HTML
  Rendered layouts/_nav.html.erb (0.6ms)
  [1m[36mAgence Load (0.3ms)[0m  [1mSELECT "agences".* FROM "agences"[0m
  Rendered agences/index.html.erb within layouts/application (33.4ms)
Completed 500 Internal Server Error in 43ms

ActionView::Template::Error (undefined method `rappeleouinon' for #<Agence:0xb6608b30>):
    40:         <td> <%= a.created_at %></td>
    41:         <td> <%= a.updated_at %></td>
    42:         <td> <%= a.email %></td>
    43:         <td> <%= a.rappeleouinon %></td>
    44:         <td> <%= a.rappel %></td>
    45:         <td> <%= a.adresse %></td>
    46:         <td> <%= a.cp %></td>
  app/views/agences/index.html.erb:43:in `block in _app_views_agences_index_html_erb__325254102_85741790'
  app/views/agences/index.html.erb:34:in `_app_views_agences_index_html_erb__325254102_85741790'


  Rendered /home/andrew/.rvm/gems/ruby-2.0.0-p353/gems/actionpack-4.0.2/lib/action_dispatch/middleware/templates/rescues/_trace.erb (2.1ms)
  Rendered /home/andrew/.rvm/gems/ruby-2.0.0-p353/gems/actionpack-4.0.2/lib/action_dispatch/middleware/templates/rescues/_request_and_response.erb (1.3ms)
  Rendered /home/andrew/.rvm/gems/ruby-2.0.0-p353/gems/actionpack-4.0.2/lib/action_dispatch/middleware/templates/rescues/template_error.erb within rescues/layout (18.6ms)


Started GET "/agences" for 127.0.0.1 at 2014-02-11 09:49:22 +0100
Processing by AgencesController#index as HTML
  Rendered layouts/_nav.html.erb (0.6ms)
  [1m[35mAgence Load (0.4ms)[0m  SELECT "agences".* FROM "agences"
  Rendered agences/index.html.erb within layouts/application (18.6ms)
Completed 200 OK in 30ms (Views: 28.7ms | ActiveRecord: 0.4ms)


Started GET "/assets/application.css?body=1" for 127.0.0.1 at 2014-02-11 09:49:23 +0100


Started GET "/assets/agences.css?body=1" for 127.0.0.1 at 2014-02-11 09:49:23 +0100


Started GET "/assets/bienvenues.css?body=1" for 127.0.0.1 at 2014-02-11 09:49:23 +0100


Started GET "/assets/programmes.css?body=1" for 127.0.0.1 at 2014-02-11 09:49:23 +0100


Started GET "/assets/utilisateurs.css?body=1" for 127.0.0.1 at 2014-02-11 09:49:23 +0100


Started GET "/assets/jquery.js?body=1" for 127.0.0.1 at 2014-02-11 09:49:23 +0100


Started GET "/assets/jquery_ujs.js?body=1" for 127.0.0.1 at 2014-02-11 09:49:23 +0100


Started GET "/assets/turbolinks.js?body=1" for 127.0.0.1 at 2014-02-11 09:49:23 +0100


Started GET "/assets/agences.js?body=1" for 127.0.0.1 at 2014-02-11 09:49:23 +0100


Started GET "/assets/bienvenues.js?body=1" for 127.0.0.1 at 2014-02-11 09:49:23 +0100


Started GET "/assets/programmes.js?body=1" for 127.0.0.1 at 2014-02-11 09:49:23 +0100


Started GET "/assets/utilisateurs.js?body=1" for 127.0.0.1 at 2014-02-11 09:49:23 +0100


Started GET "/assets/application.js?body=1" for 127.0.0.1 at 2014-02-11 09:49:23 +0100


Started GET "/agences" for 127.0.0.1 at 2014-02-11 09:49:46 +0100
Processing by AgencesController#index as HTML
  Rendered layouts/_nav.html.erb (0.6ms)
  [1m[36mAgence Load (0.3ms)[0m  [1mSELECT "agences".* FROM "agences"[0m
  Rendered agences/index.html.erb within layouts/application (20.1ms)
Completed 200 OK in 30ms (Views: 28.8ms | ActiveRecord: 0.3ms)


Started GET "/agences" for 127.0.0.1 at 2014-02-11 09:49:47 +0100
Processing by AgencesController#index as HTML
  Rendered layouts/_nav.html.erb (0.5ms)
  [1m[35mAgence Load (0.3ms)[0m  SELECT "agences".* FROM "agences"
  Rendered agences/index.html.erb within layouts/application (15.2ms)
Completed 200 OK in 25ms (Views: 23.3ms | ActiveRecord: 0.3ms)


Started GET "/agences?q%5Bs%5D=raison_sociale+asc" for 127.0.0.1 at 2014-02-11 09:49:50 +0100
Processing by AgencesController#index as HTML
  Parameters: {"q"=>{"s"=>"raison_sociale asc"}}
  Rendered layouts/_nav.html.erb (0.5ms)
  [1m[36mAgence Load (0.4ms)[0m  [1mSELECT "agences".* FROM "agences" ORDER BY "agences"."raison_sociale" ASC[0m
  Rendered agences/index.html.erb within layouts/application (16.9ms)
Completed 200 OK in 95ms (Views: 91.1ms | ActiveRecord: 0.4ms)


Started GET "/agences/1" for 127.0.0.1 at 2014-02-11 09:49:51 +0100
Processing by AgencesController#show as HTML
  Parameters: {"id"=>"1"}
  [1m[35mAgence Load (0.4ms)[0m  SELECT "agences".* FROM "agences" WHERE "agences"."id" = ? LIMIT 1  [["id", "1"]]
  Rendered layouts/_nav.html.erb (0.6ms)
  Rendered layouts/_navagshow.html.erb (17.8ms)
  Rendered agences/show.html.erb within layouts/application (24.0ms)
Completed 500 Internal Server Error in 43ms

ActionView::Template::Error (undefined method `rappelerouinon' for #<Agence:0x96155f4>):
     9: <%= @agence.cp %><br><br>
    10: <%= @agence.progouinon %><br>
    11: 
    12: Rappeler <%= @agence.rappelerouinon %> le |<%= @agence.rappel %>|<br>
    13: 
    14: 
    15: _______________________________________________________<br>
  app/views/agences/show.html.erb:12:in `_app_views_agences_show_html_erb__687185360_78693370'


  Rendered /home/andrew/.rvm/gems/ruby-2.0.0-p353/gems/actionpack-4.0.2/lib/action_dispatch/middleware/templates/rescues/_trace.erb (2.1ms)
  Rendered /home/andrew/.rvm/gems/ruby-2.0.0-p353/gems/actionpack-4.0.2/lib/action_dispatch/middleware/templates/rescues/_request_and_response.erb (11.6ms)
  Rendered /home/andrew/.rvm/gems/ruby-2.0.0-p353/gems/actionpack-4.0.2/lib/action_dispatch/middleware/templates/rescues/template_error.erb within rescues/layout (29.5ms)


Started GET "/agences/1" for 127.0.0.1 at 2014-02-11 09:49:52 +0100
Processing by AgencesController#show as HTML
  Parameters: {"id"=>"1"}
  [1m[36mAgence Load (0.2ms)[0m  [1mSELECT "agences".* FROM "agences" WHERE "agences"."id" = ? LIMIT 1[0m  [["id", "1"]]
  Rendered layouts/_nav.html.erb (0.6ms)
  Rendered layouts/_navagshow.html.erb (1.4ms)
  Rendered agences/show.html.erb within layouts/application (11.3ms)
Completed 500 Internal Server Error in 16ms

ActionView::Template::Error (undefined method `rappelerouinon' for #<Agence:0xa32b734>):
     9: <%= @agence.cp %><br><br>
    10: <%= @agence.progouinon %><br>
    11: 
    12: Rappeler <%= @agence.rappelerouinon %> le |<%= @agence.rappel %>|<br>
    13: 
    14: 
    15: _______________________________________________________<br>
  app/views/agences/show.html.erb:12:in `_app_views_agences_show_html_erb__687185360_85542370'


  Rendered /home/andrew/.rvm/gems/ruby-2.0.0-p353/gems/actionpack-4.0.2/lib/action_dispatch/middleware/templates/rescues/_trace.erb (2.0ms)
  Rendered /home/andrew/.rvm/gems/ruby-2.0.0-p353/gems/actionpack-4.0.2/lib/action_dispatch/middleware/templates/rescues/_request_and_response.erb (3.7ms)
  Rendered /home/andrew/.rvm/gems/ruby-2.0.0-p353/gems/actionpack-4.0.2/lib/action_dispatch/middleware/templates/rescues/template_error.erb within rescues/layout (24.2ms)


Started GET "/agences/1" for 127.0.0.1 at 2014-02-11 09:50:51 +0100
Processing by AgencesController#show as HTML
  Parameters: {"id"=>"1"}
  [1m[35mAgence Load (0.2ms)[0m  SELECT "agences".* FROM "agences" WHERE "agences"."id" = ? LIMIT 1  [["id", "1"]]
  Rendered layouts/_nav.html.erb (0.6ms)
  Rendered layouts/_navagshow.html.erb (0.9ms)
  Rendered agences/show.html.erb within layouts/application (5.0ms)
Completed 200 OK in 21ms (Views: 18.8ms | ActiveRecord: 0.2ms)


Started GET "/assets/application.css?body=1" for 127.0.0.1 at 2014-02-11 09:50:52 +0100


Started GET "/assets/agences.css?body=1" for 127.0.0.1 at 2014-02-11 09:50:52 +0100


Started GET "/assets/bienvenues.css?body=1" for 127.0.0.1 at 2014-02-11 09:50:52 +0100


Started GET "/assets/programmes.css?body=1" for 127.0.0.1 at 2014-02-11 09:50:52 +0100


Started GET "/assets/utilisateurs.css?body=1" for 127.0.0.1 at 2014-02-11 09:50:52 +0100


Started GET "/assets/turbolinks.js?body=1" for 127.0.0.1 at 2014-02-11 09:50:52 +0100


Started GET "/assets/jquery.js?body=1" for 127.0.0.1 at 2014-02-11 09:50:52 +0100


Started GET "/assets/jquery_ujs.js?body=1" for 127.0.0.1 at 2014-02-11 09:50:52 +0100


Started GET "/assets/agences.js?body=1" for 127.0.0.1 at 2014-02-11 09:50:52 +0100


Started GET "/assets/bienvenues.js?body=1" for 127.0.0.1 at 2014-02-11 09:50:52 +0100


Started GET "/assets/programmes.js?body=1" for 127.0.0.1 at 2014-02-11 09:50:52 +0100


Started GET "/assets/utilisateurs.js?body=1" for 127.0.0.1 at 2014-02-11 09:50:52 +0100


Started GET "/assets/application.js?body=1" for 127.0.0.1 at 2014-02-11 09:50:52 +0100


Started GET "/agences/new" for 127.0.0.1 at 2014-02-11 09:58:11 +0100
Processing by AgencesController#new as HTML
  Rendered agences/new.html.erb within layouts/application (104.4ms)
Completed 500 Internal Server Error in 124ms

ActionView::Template::Error (undefined method `rappelerouinon' for #<Agence:0xb5861018>):
     7:     <%= a.label :telephone %>  <%= a.text_field :telephone %><br>
     8:     <%= a.label :progouinon %>  <%= a.text_field :progouinon %><br>
     9:     <%= a.label :email %>  <%= a.text_field :email %><br>
    10:     <%= a.label :rappelerouinon %>  <%= a.text_field :rappelerouinon %><br>
    11:     <%= a.label :adresse %>  <%= a.text_field :adresse %><br>
    12:     <%= a.label :cp %>  <%= a.text_field :cp %><br>
    13: 
  app/views/agences/new.html.erb:10:in `block in _app_views_agences_new_html_erb__989204586__624736808'
  app/views/agences/new.html.erb:4:in `_app_views_agences_new_html_erb__989204586__624736808'


  Rendered /home/andrew/.rvm/gems/ruby-2.0.0-p353/gems/actionpack-4.0.2/lib/action_dispatch/middleware/templates/rescues/_trace.erb (1.8ms)
  Rendered /home/andrew/.rvm/gems/ruby-2.0.0-p353/gems/actionpack-4.0.2/lib/action_dispatch/middleware/templates/rescues/_request_and_response.erb (1.6ms)
  Rendered /home/andrew/.rvm/gems/ruby-2.0.0-p353/gems/actionpack-4.0.2/lib/action_dispatch/middleware/templates/rescues/template_error.erb within rescues/layout (18.9ms)


Started GET "/agences/new" for 127.0.0.1 at 2014-02-11 09:58:11 +0100
Processing by AgencesController#new as HTML
  Rendered agences/new.html.erb within layouts/application (9.7ms)
Completed 500 Internal Server Error in 13ms

ActionView::Template::Error (undefined method `rappelerouinon' for #<Agence:0xb52ebc50>):
     7:     <%= a.label :telephone %>  <%= a.text_field :telephone %><br>
     8:     <%= a.label :progouinon %>  <%= a.text_field :progouinon %><br>
     9:     <%= a.label :email %>  <%= a.text_field :email %><br>
    10:     <%= a.label :rappelerouinon %>  <%= a.text_field :rappelerouinon %><br>
    11:     <%= a.label :adresse %>  <%= a.text_field :adresse %><br>
    12:     <%= a.label :cp %>  <%= a.text_field :cp %><br>
    13: 
  app/views/agences/new.html.erb:10:in `block in _app_views_agences_new_html_erb__989204586__627616368'
  app/views/agences/new.html.erb:4:in `_app_views_agences_new_html_erb__989204586__627616368'


  Rendered /home/andrew/.rvm/gems/ruby-2.0.0-p353/gems/actionpack-4.0.2/lib/action_dispatch/middleware/templates/rescues/_trace.erb (40.0ms)
  Rendered /home/andrew/.rvm/gems/ruby-2.0.0-p353/gems/actionpack-4.0.2/lib/action_dispatch/middleware/templates/rescues/_request_and_response.erb (1.5ms)
  Rendered /home/andrew/.rvm/gems/ruby-2.0.0-p353/gems/actionpack-4.0.2/lib/action_dispatch/middleware/templates/rescues/template_error.erb within rescues/layout (55.9ms)


Started GET "/agences/new" for 127.0.0.1 at 2014-02-11 09:58:41 +0100
Processing by AgencesController#new as HTML
  Rendered agences/new.html.erb within layouts/application (8.2ms)
Completed 200 OK in 19ms (Views: 18.3ms | ActiveRecord: 0.0ms)


Started GET "/assets/application.css?body=1" for 127.0.0.1 at 2014-02-11 09:58:42 +0100


Started GET "/assets/agences.css?body=1" for 127.0.0.1 at 2014-02-11 09:58:42 +0100


Started GET "/assets/bienvenues.css?body=1" for 127.0.0.1 at 2014-02-11 09:58:42 +0100


Started GET "/assets/programmes.css?body=1" for 127.0.0.1 at 2014-02-11 09:58:42 +0100


Started GET "/assets/jquery_ujs.js?body=1" for 127.0.0.1 at 2014-02-11 09:58:42 +0100


Started GET "/assets/jquery.js?body=1" for 127.0.0.1 at 2014-02-11 09:58:42 +0100


Started GET "/assets/utilisateurs.css?body=1" for 127.0.0.1 at 2014-02-11 09:58:42 +0100


Started GET "/assets/turbolinks.js?body=1" for 127.0.0.1 at 2014-02-11 09:58:42 +0100


Started GET "/assets/agences.js?body=1" for 127.0.0.1 at 2014-02-11 09:58:42 +0100


Started GET "/assets/bienvenues.js?body=1" for 127.0.0.1 at 2014-02-11 09:58:42 +0100


Started GET "/assets/programmes.js?body=1" for 127.0.0.1 at 2014-02-11 09:58:42 +0100


Started GET "/assets/application.js?body=1" for 127.0.0.1 at 2014-02-11 09:58:42 +0100


Started GET "/assets/utilisateurs.js?body=1" for 127.0.0.1 at 2014-02-11 09:58:42 +0100


Started POST "/agences" for 127.0.0.1 at 2014-02-11 10:04:14 +0100
Processing by AgencesController#create as HTML
  Parameters: {"utf8"=>"✓", "authenticity_token"=>"7e+qTLgnt1XDsIlOdHQe3XEJqKUidBFGcmuOmBoVIMc=", "agence"=>{"raison_sociale"=>"Connexion 01", "responsable"=>"André", "telephone"=>"0945234466", "progouinon"=>"Non", "email"=>"z@e.Com", "rappelouinon"=>"oui", "adresse"=>"47 rue des fleurs", "cp"=>"75018"}, "commit"=>"Create Agence"}
Unpermitted parameters: rappelouinon
  [1m[36m (0.1ms)[0m  [1mbegin transaction[0m
  [1m[35mSQL (2.8ms)[0m  INSERT INTO "agences" ("adresse", "cp", "created_at", "email", "progouinon", "raison_sociale", "responsable", "telephone", "updated_at") VALUES (?, ?, ?, ?, ?, ?, ?, ?, ?)  [["adresse", "47 rue des fleurs"], ["cp", "75018"], ["created_at", Tue, 11 Feb 2014 09:04:14 UTC +00:00], ["email", "z@e.Com"], ["progouinon", "Non"], ["raison_sociale", "Connexion 01"], ["responsable", "André"], ["telephone", "0945234466"], ["updated_at", Tue, 11 Feb 2014 09:04:14 UTC +00:00]]
  [1m[36m (560.0ms)[0m  [1mcommit transaction[0m
Redirected to http://localhost:3000/agences/2
Completed 302 Found in 569ms (ActiveRecord: 562.9ms)


Started GET "/agences/2" for 127.0.0.1 at 2014-02-11 10:04:15 +0100
Processing by AgencesController#show as HTML
  Parameters: {"id"=>"2"}
  [1m[35mAgence Load (0.2ms)[0m  SELECT "agences".* FROM "agences" WHERE "agences"."id" = ? LIMIT 1  [["id", "2"]]
  Rendered layouts/_nav.html.erb (0.5ms)
  Rendered layouts/_navagshow.html.erb (0.9ms)
  Rendered agences/show.html.erb within layouts/application (9.0ms)
Completed 200 OK in 25ms (Views: 21.5ms | ActiveRecord: 0.2ms)


Started GET "/assets/application.css?body=1" for 127.0.0.1 at 2014-02-11 10:04:15 +0100


Started GET "/assets/agences.css?body=1" for 127.0.0.1 at 2014-02-11 10:04:15 +0100


Started GET "/assets/bienvenues.css?body=1" for 127.0.0.1 at 2014-02-11 10:04:15 +0100


Started GET "/assets/programmes.css?body=1" for 127.0.0.1 at 2014-02-11 10:04:15 +0100


Started GET "/assets/utilisateurs.css?body=1" for 127.0.0.1 at 2014-02-11 10:04:15 +0100


Started GET "/assets/jquery.js?body=1" for 127.0.0.1 at 2014-02-11 10:04:15 +0100


Started GET "/assets/jquery_ujs.js?body=1" for 127.0.0.1 at 2014-02-11 10:04:15 +0100


Started GET "/assets/turbolinks.js?body=1" for 127.0.0.1 at 2014-02-11 10:04:15 +0100


Started GET "/assets/agences.js?body=1" for 127.0.0.1 at 2014-02-11 10:04:15 +0100


Started GET "/assets/bienvenues.js?body=1" for 127.0.0.1 at 2014-02-11 10:04:15 +0100


Started GET "/assets/programmes.js?body=1" for 127.0.0.1 at 2014-02-11 10:04:16 +0100


Started GET "/assets/utilisateurs.js?body=1" for 127.0.0.1 at 2014-02-11 10:04:16 +0100


Started GET "/assets/application.js?body=1" for 127.0.0.1 at 2014-02-11 10:04:16 +0100


Started GET "/agences/2" for 127.0.0.1 at 2014-02-11 10:17:02 +0100
Processing by AgencesController#show as HTML
  Parameters: {"id"=>"2"}
  [1m[36mAgence Load (0.2ms)[0m  [1mSELECT "agences".* FROM "agences" WHERE "agences"."id" = ? LIMIT 1[0m  [["id", "2"]]
  Rendered layouts/_nav.html.erb (0.6ms)
  Rendered layouts/_navagshow.html.erb (0.9ms)
  Rendered agences/show.html.erb within layouts/application (8.6ms)
Completed 200 OK in 21ms (Views: 19.1ms | ActiveRecord: 0.2ms)


Started GET "/assets/agences.css?body=1" for 127.0.0.1 at 2014-02-11 10:17:03 +0100


Started GET "/assets/bienvenues.css?body=1" for 127.0.0.1 at 2014-02-11 10:17:03 +0100


Started GET "/assets/programmes.css?body=1" for 127.0.0.1 at 2014-02-11 10:17:03 +0100


Started GET "/assets/application.css?body=1" for 127.0.0.1 at 2014-02-11 10:17:03 +0100


Started GET "/assets/utilisateurs.css?body=1" for 127.0.0.1 at 2014-02-11 10:17:03 +0100


Started GET "/assets/jquery.js?body=1" for 127.0.0.1 at 2014-02-11 10:17:03 +0100


Started GET "/assets/jquery_ujs.js?body=1" for 127.0.0.1 at 2014-02-11 10:17:03 +0100


Started GET "/assets/turbolinks.js?body=1" for 127.0.0.1 at 2014-02-11 10:17:03 +0100


Started GET "/assets/agences.js?body=1" for 127.0.0.1 at 2014-02-11 10:17:03 +0100


Started GET "/assets/programmes.js?body=1" for 127.0.0.1 at 2014-02-11 10:17:03 +0100


Started GET "/assets/utilisateurs.js?body=1" for 127.0.0.1 at 2014-02-11 10:17:03 +0100


Started GET "/assets/bienvenues.js?body=1" for 127.0.0.1 at 2014-02-11 10:17:03 +0100


Started GET "/assets/application.js?body=1" for 127.0.0.1 at 2014-02-11 10:17:03 +0100
  [1m[36mActiveRecord::SchemaMigration Load (0.2ms)[0m  [1mSELECT "schema_migrations".* FROM "schema_migrations"[0m
  [1m[35mActiveRecord::SchemaMigration Load (0.1ms)[0m  SELECT "schema_migrations".* FROM "schema_migrations"
